0 info it worked if it ends with ok
1 verbose cli [ 'C:\\Program Files\\nodejs\\node.exe',
1 verbose cli   'C:\\Program Files\\nodejs\\node_modules\\npm\\bin\\npm-cli.js',
1 verbose cli   'install',
1 verbose cli   'bootstrap' ]
2 info using npm@3.10.8
3 info using node@v6.9.1
4 silly loadCurrentTree Starting
5 silly install loadCurrentTree
6 silly install readLocalPackageData
7 silly fetchPackageMetaData bootstrap
8 silly fetchNamedPackageData bootstrap
9 silly mapToRegistry name bootstrap
10 silly mapToRegistry using default registry
11 silly mapToRegistry registry https://registry.npmjs.org/
12 silly mapToRegistry data Result {
12 silly mapToRegistry   raw: 'bootstrap',
12 silly mapToRegistry   scope: null,
12 silly mapToRegistry   escapedName: 'bootstrap',
12 silly mapToRegistry   name: 'bootstrap',
12 silly mapToRegistry   rawSpec: '',
12 silly mapToRegistry   spec: 'latest',
12 silly mapToRegistry   type: 'tag' }
13 silly mapToRegistry uri https://registry.npmjs.org/bootstrap
14 verbose request uri https://registry.npmjs.org/bootstrap
15 verbose request no auth needed
16 info attempt registry request try #1 at 3:09:29 PM
17 verbose request id 146f93342b358ff9
18 verbose etag W/"591771d5-c6f5"
19 verbose lastModified Sat, 13 May 2017 20:51:33 GMT
20 http request GET https://registry.npmjs.org/bootstrap
21 http 200 https://registry.npmjs.org/bootstrap
22 verbose headers { server: 'nginx/1.10.1',
22 verbose headers   'content-type': 'application/json',
22 verbose headers   'last-modified': 'Wed, 31 May 2017 07:03:02 GMT',
22 verbose headers   etag: 'W/"592e6aa6-c74b"',
22 verbose headers   'content-encoding': 'gzip',
22 verbose headers   'cache-control': 'max-age=300',
22 verbose headers   'content-length': '9830',
22 verbose headers   'accept-ranges': 'bytes',
22 verbose headers   date: 'Wed, 31 May 2017 19:09:33 GMT',
22 verbose headers   via: '1.1 varnish',
22 verbose headers   age: '116',
22 verbose headers   connection: 'keep-alive',
22 verbose headers   'x-served-by': 'cache-bos8220-BOS',
22 verbose headers   'x-cache': 'HIT',
22 verbose headers   'x-cache-hits': '3',
22 verbose headers   'x-timer': 'S1496257773.218635,VS0,VE0',
22 verbose headers   vary: 'Accept-Encoding' }
23 silly get cb [ 200,
23 silly get   { server: 'nginx/1.10.1',
23 silly get     'content-type': 'application/json',
23 silly get     'last-modified': 'Wed, 31 May 2017 07:03:02 GMT',
23 silly get     etag: 'W/"592e6aa6-c74b"',
23 silly get     'content-encoding': 'gzip',
23 silly get     'cache-control': 'max-age=300',
23 silly get     'content-length': '9830',
23 silly get     'accept-ranges': 'bytes',
23 silly get     date: 'Wed, 31 May 2017 19:09:33 GMT',
23 silly get     via: '1.1 varnish',
23 silly get     age: '116',
23 silly get     connection: 'keep-alive',
23 silly get     'x-served-by': 'cache-bos8220-BOS',
23 silly get     'x-cache': 'HIT',
23 silly get     'x-cache-hits': '3',
23 silly get     'x-timer': 'S1496257773.218635,VS0,VE0',
23 silly get     vary: 'Accept-Encoding' } ]
24 verbose get saving bootstrap to C:\Users\fred\AppData\Roaming\npm-cache\registry.npmjs.org\bootstrap\.cache.json
25 verbose correctMkdir C:\Users\fred\AppData\Roaming\npm-cache correctMkdir not in flight; initializing
26 silly install normalizeTree
27 silly loadCurrentTree Finishing
28 silly loadIdealTree Starting
29 silly install loadIdealTree
30 silly cloneCurrentTree Starting
31 silly install cloneCurrentTreeToIdealTree
32 silly cloneCurrentTree Finishing
33 silly loadShrinkwrap Starting
34 silly install loadShrinkwrap
35 silly loadShrinkwrap Finishing
36 silly loadAllDepsIntoIdealTree Starting
37 silly install loadAllDepsIntoIdealTree
38 silly resolveWithNewModule bootstrap@3.3.7 checking installable status
39 silly cache add args [ 'bootstrap', null ]
40 verbose cache add spec bootstrap
41 silly cache add parsed spec Result {
41 silly cache add   raw: 'bootstrap',
41 silly cache add   scope: null,
41 silly cache add   escapedName: 'bootstrap',
41 silly cache add   name: 'bootstrap',
41 silly cache add   rawSpec: '',
41 silly cache add   spec: 'latest',
41 silly cache add   type: 'tag' }
42 silly addNamed bootstrap@latest
43 verbose addNamed "latest" is being treated as a dist-tag for bootstrap
44 info addNameTag [ 'bootstrap', 'latest' ]
45 silly mapToRegistry name bootstrap
46 silly mapToRegistry using default registry
47 silly mapToRegistry registry https://registry.npmjs.org/
48 silly mapToRegistry data Result {
48 silly mapToRegistry   raw: 'bootstrap',
48 silly mapToRegistry   scope: null,
48 silly mapToRegistry   escapedName: 'bootstrap',
48 silly mapToRegistry   name: 'bootstrap',
48 silly mapToRegistry   rawSpec: '',
48 silly mapToRegistry   spec: 'latest',
48 silly mapToRegistry   type: 'tag' }
49 silly mapToRegistry uri https://registry.npmjs.org/bootstrap
50 verbose addNameTag registry:https://registry.npmjs.org/bootstrap not in flight; fetching
51 verbose get https://registry.npmjs.org/bootstrap not expired, no request
52 silly addNameTag next cb for bootstrap with tag latest
53 silly addNamed bootstrap@3.3.7
54 verbose addNamed "3.3.7" is a plain semver version for bootstrap
55 silly cache afterAdd bootstrap@3.3.7
56 verbose afterAdd C:\Users\fred\AppData\Roaming\npm-cache\bootstrap\3.3.7\package\package.json not in flight; writing
57 verbose correctMkdir C:\Users\fred\AppData\Roaming\npm-cache correctMkdir not in flight; initializing
58 verbose afterAdd C:\Users\fred\AppData\Roaming\npm-cache\bootstrap\3.3.7\package\package.json written
59 silly loadAllDepsIntoIdealTree Finishing
60 silly loadIdealTree Finishing
61 silly currentTree visualoutdoor.com@1.0.0
61 silly currentTree `-- material-design-lite@1.3.0
62 silly idealTree visualoutdoor.com@1.0.0
62 silly idealTree +-- bootstrap@3.3.7
62 silly idealTree `-- material-design-lite@1.3.0
63 silly generateActionsToTake Starting
64 silly install generateActionsToTake
65 silly generateActionsToTake Finishing
66 silly diffTrees action count 1
67 silly diffTrees add bootstrap@3.3.7
68 silly decomposeActions action count 8
69 silly decomposeActions fetch bootstrap@3.3.7
70 silly decomposeActions extract bootstrap@3.3.7
71 silly decomposeActions test bootstrap@3.3.7
72 silly decomposeActions preinstall bootstrap@3.3.7
73 silly decomposeActions build bootstrap@3.3.7
74 silly decomposeActions install bootstrap@3.3.7
75 silly decomposeActions postinstall bootstrap@3.3.7
76 silly decomposeActions finalize bootstrap@3.3.7
77 silly runTopLevelLifecycles Starting
78 silly executeActions Starting
79 silly install executeActions
80 silly doSerial global-install 0
81 silly doParallel fetch 1
82 verbose correctMkdir C:\Users\fred\AppData\Roaming\npm-cache\_locks correctMkdir not in flight; initializing
83 verbose lock using C:\Users\fred\AppData\Roaming\npm-cache\_locks\staging-dc5b2f458e54ba3b.lock for C:\Users\fred\Dropbox\website info\visualoutdoor.com\assets\node_modules\.staging
84 silly doParallel extract 1
85 silly extract bootstrap@3.3.7
86 verbose unbuild node_modules\.staging\bootstrap-e6d04ba2
87 silly gentlyRm C:\Users\fred\Dropbox\website info\visualoutdoor.com\assets\node_modules\.staging\bootstrap-e6d04ba2 is being purged from base C:\Users\fred\Dropbox\website info\visualoutdoor.com\assets
88 verbose gentlyRm don't care about contents; nuking C:\Users\fred\Dropbox\website info\visualoutdoor.com\assets\node_modules\.staging\bootstrap-e6d04ba2
89 verbose tar unpack C:\Users\fred\AppData\Roaming\npm-cache\bootstrap\3.3.7\package.tgz
90 verbose tar unpacking to C:\Users\fred\Dropbox\website info\visualoutdoor.com\assets\node_modules\.staging\bootstrap-e6d04ba2
91 silly gentlyRm C:\Users\fred\Dropbox\website info\visualoutdoor.com\assets\node_modules\.staging\bootstrap-e6d04ba2 is being purged
92 verbose gentlyRm don't care about contents; nuking C:\Users\fred\Dropbox\website info\visualoutdoor.com\assets\node_modules\.staging\bootstrap-e6d04ba2
93 silly gunzTarPerm modes [ '777', '666' ]
94 silly gunzTarPerm extractEntry package.json
95 silly gunzTarPerm modified mode [ 'package.json', 420, 438 ]
96 silly gunzTarPerm extractEntry README.md
97 silly gunzTarPerm modified mode [ 'README.md', 420, 438 ]
98 silly gunzTarPerm extractEntry LICENSE
99 silly gunzTarPerm modified mode [ 'LICENSE', 420, 438 ]
100 silly gunzTarPerm extractEntry Gruntfile.js
101 silly gunzTarPerm modified mode [ 'Gruntfile.js', 420, 438 ]
102 silly gunzTarPerm extractEntry CHANGELOG.md
103 silly gunzTarPerm modified mode [ 'CHANGELOG.md', 420, 438 ]
104 silly gunzTarPerm extractEntry dist/css/bootstrap-theme.css
105 silly gunzTarPerm modified mode [ 'dist/css/bootstrap-theme.css', 420, 438 ]
106 silly gunzTarPerm extractEntry dist/css/bootstrap-theme.css.map
107 silly gunzTarPerm modified mode [ 'dist/css/bootstrap-theme.css.map', 420, 438 ]
108 silly gunzTarPerm extractEntry dist/css/bootstrap-theme.min.css
109 silly gunzTarPerm modified mode [ 'dist/css/bootstrap-theme.min.css', 420, 438 ]
110 silly gunzTarPerm extractEntry dist/css/bootstrap-theme.min.css.map
111 silly gunzTarPerm modified mode [ 'dist/css/bootstrap-theme.min.css.map', 420, 438 ]
112 silly gunzTarPerm extractEntry dist/css/bootstrap.css
113 silly gunzTarPerm modified mode [ 'dist/css/bootstrap.css', 420, 438 ]
114 silly gunzTarPerm extractEntry dist/css/bootstrap.css.map
115 silly gunzTarPerm modified mode [ 'dist/css/bootstrap.css.map', 420, 438 ]
116 silly gunzTarPerm extractEntry dist/css/bootstrap.min.css
117 silly gunzTarPerm modified mode [ 'dist/css/bootstrap.min.css', 420, 438 ]
118 silly gunzTarPerm extractEntry dist/css/bootstrap.min.css.map
119 silly gunzTarPerm modified mode [ 'dist/css/bootstrap.min.css.map', 420, 438 ]
120 silly gunzTarPerm extractEntry dist/fonts/glyphicons-halflings-regular.eot
121 silly gunzTarPerm modified mode [ 'dist/fonts/glyphicons-halflings-regular.eot', 420, 438 ]
122 silly gunzTarPerm extractEntry dist/fonts/glyphicons-halflings-regular.svg
123 silly gunzTarPerm modified mode [ 'dist/fonts/glyphicons-halflings-regular.svg', 420, 438 ]
124 silly gunzTarPerm extractEntry dist/fonts/glyphicons-halflings-regular.ttf
125 silly gunzTarPerm modified mode [ 'dist/fonts/glyphicons-halflings-regular.ttf', 420, 438 ]
126 silly gunzTarPerm extractEntry dist/fonts/glyphicons-halflings-regular.woff
127 silly gunzTarPerm modified mode [ 'dist/fonts/glyphicons-halflings-regular.woff', 420, 438 ]
128 silly gunzTarPerm extractEntry dist/fonts/glyphicons-halflings-regular.woff2
129 silly gunzTarPerm modified mode [ 'dist/fonts/glyphicons-halflings-regular.woff2', 420, 438 ]
130 silly gunzTarPerm extractEntry dist/js/bootstrap.js
131 silly gunzTarPerm modified mode [ 'dist/js/bootstrap.js', 420, 438 ]
132 silly gunzTarPerm extractEntry dist/js/bootstrap.min.js
133 silly gunzTarPerm modified mode [ 'dist/js/bootstrap.min.js', 420, 438 ]
134 silly gunzTarPerm extractEntry dist/js/npm.js
135 silly gunzTarPerm modified mode [ 'dist/js/npm.js', 420, 438 ]
136 silly gunzTarPerm extractEntry fonts/glyphicons-halflings-regular.eot
137 silly gunzTarPerm modified mode [ 'fonts/glyphicons-halflings-regular.eot', 420, 438 ]
138 silly gunzTarPerm extractEntry fonts/glyphicons-halflings-regular.svg
139 silly gunzTarPerm modified mode [ 'fonts/glyphicons-halflings-regular.svg', 420, 438 ]
140 silly gunzTarPerm extractEntry fonts/glyphicons-halflings-regular.ttf
141 silly gunzTarPerm modified mode [ 'fonts/glyphicons-halflings-regular.ttf', 420, 438 ]
142 silly gunzTarPerm extractEntry fonts/glyphicons-halflings-regular.woff
143 silly gunzTarPerm modified mode [ 'fonts/glyphicons-halflings-regular.woff', 420, 438 ]
144 silly gunzTarPerm extractEntry fonts/glyphicons-halflings-regular.woff2
145 silly gunzTarPerm modified mode [ 'fonts/glyphicons-halflings-regular.woff2', 420, 438 ]
146 silly gunzTarPerm extractEntry grunt/bs-commonjs-generator.js
147 silly gunzTarPerm modified mode [ 'grunt/bs-commonjs-generator.js', 420, 438 ]
148 silly gunzTarPerm extractEntry grunt/bs-glyphicons-data-generator.js
149 silly gunzTarPerm modified mode [ 'grunt/bs-glyphicons-data-generator.js', 420, 438 ]
150 silly gunzTarPerm extractEntry grunt/bs-lessdoc-parser.js
151 silly gunzTarPerm modified mode [ 'grunt/bs-lessdoc-parser.js', 420, 438 ]
152 silly gunzTarPerm extractEntry grunt/bs-raw-files-generator.js
153 silly gunzTarPerm modified mode [ 'grunt/bs-raw-files-generator.js', 420, 438 ]
154 silly gunzTarPerm extractEntry grunt/change-version.js
155 silly gunzTarPerm modified mode [ 'grunt/change-version.js', 493, 511 ]
156 silly gunzTarPerm extractEntry grunt/.jshintrc
157 silly gunzTarPerm modified mode [ 'grunt/.jshintrc', 420, 438 ]
158 silly gunzTarPerm extractEntry grunt/configBridge.json
159 silly gunzTarPerm modified mode [ 'grunt/configBridge.json', 420, 438 ]
160 silly gunzTarPerm extractEntry grunt/npm-shrinkwrap.json
161 silly gunzTarPerm modified mode [ 'grunt/npm-shrinkwrap.json', 420, 438 ]
162 silly gunzTarPerm extractEntry grunt/sauce_browsers.yml
163 silly gunzTarPerm modified mode [ 'grunt/sauce_browsers.yml', 420, 438 ]
164 silly gunzTarPerm extractEntry js/affix.js
165 silly gunzTarPerm modified mode [ 'js/affix.js', 420, 438 ]
166 silly gunzTarPerm extractEntry js/button.js
167 silly gunzTarPerm modified mode [ 'js/button.js', 420, 438 ]
168 silly gunzTarPerm extractEntry js/carousel.js
169 silly gunzTarPerm modified mode [ 'js/carousel.js', 420, 438 ]
170 silly gunzTarPerm extractEntry js/collapse.js
171 silly gunzTarPerm modified mode [ 'js/collapse.js', 420, 438 ]
172 silly gunzTarPerm extractEntry js/dropdown.js
173 silly gunzTarPerm modified mode [ 'js/dropdown.js', 420, 438 ]
174 silly gunzTarPerm extractEntry js/alert.js
175 silly gunzTarPerm modified mode [ 'js/alert.js', 420, 438 ]
176 silly gunzTarPerm extractEntry js/popover.js
177 silly gunzTarPerm modified mode [ 'js/popover.js', 420, 438 ]
178 silly gunzTarPerm extractEntry js/scrollspy.js
179 silly gunzTarPerm modified mode [ 'js/scrollspy.js', 420, 438 ]
180 silly gunzTarPerm extractEntry js/tab.js
181 silly gunzTarPerm modified mode [ 'js/tab.js', 420, 438 ]
182 silly gunzTarPerm extractEntry js/tooltip.js
183 silly gunzTarPerm modified mode [ 'js/tooltip.js', 420, 438 ]
184 silly gunzTarPerm extractEntry js/transition.js
185 silly gunzTarPerm modified mode [ 'js/transition.js', 420, 438 ]
186 silly gunzTarPerm extractEntry js/modal.js
187 silly gunzTarPerm modified mode [ 'js/modal.js', 420, 438 ]
188 silly gunzTarPerm extractEntry less/mixins.less
189 silly gunzTarPerm modified mode [ 'less/mixins.less', 420, 438 ]
190 silly gunzTarPerm extractEntry less/alerts.less
191 silly gunzTarPerm modified mode [ 'less/alerts.less', 420, 438 ]
192 silly gunzTarPerm extractEntry less/badges.less
193 silly gunzTarPerm modified mode [ 'less/badges.less', 420, 438 ]
194 silly gunzTarPerm extractEntry less/bootstrap.less
195 silly gunzTarPerm modified mode [ 'less/bootstrap.less', 420, 438 ]
196 silly gunzTarPerm extractEntry less/breadcrumbs.less
197 silly gunzTarPerm modified mode [ 'less/breadcrumbs.less', 420, 438 ]
198 silly gunzTarPerm extractEntry less/button-groups.less
199 silly gunzTarPerm modified mode [ 'less/button-groups.less', 420, 438 ]
200 silly gunzTarPerm extractEntry less/buttons.less
201 silly gunzTarPerm modified mode [ 'less/buttons.less', 420, 438 ]
202 silly gunzTarPerm extractEntry less/carousel.less
203 silly gunzTarPerm modified mode [ 'less/carousel.less', 420, 438 ]
204 silly gunzTarPerm extractEntry less/close.less
205 silly gunzTarPerm modified mode [ 'less/close.less', 420, 438 ]
206 silly gunzTarPerm extractEntry less/code.less
207 silly gunzTarPerm modified mode [ 'less/code.less', 420, 438 ]
208 silly gunzTarPerm extractEntry less/component-animations.less
209 silly gunzTarPerm modified mode [ 'less/component-animations.less', 420, 438 ]
210 silly gunzTarPerm extractEntry less/dropdowns.less
211 silly gunzTarPerm modified mode [ 'less/dropdowns.less', 420, 438 ]
212 silly gunzTarPerm extractEntry less/forms.less
213 silly gunzTarPerm modified mode [ 'less/forms.less', 420, 438 ]
214 silly gunzTarPerm extractEntry less/glyphicons.less
215 silly gunzTarPerm modified mode [ 'less/glyphicons.less', 420, 438 ]
216 silly gunzTarPerm extractEntry less/grid.less
217 silly gunzTarPerm modified mode [ 'less/grid.less', 420, 438 ]
218 silly gunzTarPerm extractEntry less/input-groups.less
219 silly gunzTarPerm modified mode [ 'less/input-groups.less', 420, 438 ]
220 silly gunzTarPerm extractEntry less/jumbotron.less
221 silly gunzTarPerm modified mode [ 'less/jumbotron.less', 420, 438 ]
222 silly gunzTarPerm extractEntry less/labels.less
223 silly gunzTarPerm modified mode [ 'less/labels.less', 420, 438 ]
224 silly gunzTarPerm extractEntry less/list-group.less
225 silly gunzTarPerm modified mode [ 'less/list-group.less', 420, 438 ]
226 silly gunzTarPerm extractEntry less/media.less
227 silly gunzTarPerm modified mode [ 'less/media.less', 420, 438 ]
228 silly gunzTarPerm extractEntry less/mixins/nav-vertical-align.less
229 silly gunzTarPerm modified mode [ 'less/mixins/nav-vertical-align.less', 420, 438 ]
230 silly gunzTarPerm extractEntry less/mixins/alerts.less
231 silly gunzTarPerm modified mode [ 'less/mixins/alerts.less', 420, 438 ]
232 silly gunzTarPerm extractEntry less/mixins/border-radius.less
233 silly gunzTarPerm modified mode [ 'less/mixins/border-radius.less', 420, 438 ]
234 silly gunzTarPerm extractEntry less/mixins/buttons.less
235 silly gunzTarPerm modified mode [ 'less/mixins/buttons.less', 420, 438 ]
236 silly gunzTarPerm extractEntry less/mixins/center-block.less
237 silly gunzTarPerm modified mode [ 'less/mixins/center-block.less', 420, 438 ]
238 silly gunzTarPerm extractEntry less/mixins/clearfix.less
239 silly gunzTarPerm modified mode [ 'less/mixins/clearfix.less', 420, 438 ]
240 silly gunzTarPerm extractEntry less/mixins/forms.less
241 silly gunzTarPerm modified mode [ 'less/mixins/forms.less', 420, 438 ]
242 silly gunzTarPerm extractEntry less/mixins/gradients.less
243 silly gunzTarPerm modified mode [ 'less/mixins/gradients.less', 420, 438 ]
244 silly gunzTarPerm extractEntry less/mixins/grid-framework.less
245 silly gunzTarPerm modified mode [ 'less/mixins/grid-framework.less', 420, 438 ]
246 silly gunzTarPerm extractEntry less/mixins/grid.less
247 silly gunzTarPerm modified mode [ 'less/mixins/grid.less', 420, 438 ]
248 silly gunzTarPerm extractEntry less/mixins/hide-text.less
249 silly gunzTarPerm modified mode [ 'less/mixins/hide-text.less', 420, 438 ]
250 silly gunzTarPerm extractEntry less/mixins/image.less
251 silly gunzTarPerm modified mode [ 'less/mixins/image.less', 420, 438 ]
252 silly gunzTarPerm extractEntry less/mixins/labels.less
253 silly gunzTarPerm modified mode [ 'less/mixins/labels.less', 420, 438 ]
254 silly gunzTarPerm extractEntry less/mixins/list-group.less
255 silly gunzTarPerm modified mode [ 'less/mixins/list-group.less', 420, 438 ]
256 silly gunzTarPerm extractEntry less/mixins/nav-divider.less
257 silly gunzTarPerm modified mode [ 'less/mixins/nav-divider.less', 420, 438 ]
258 silly gunzTarPerm extractEntry less/mixins/background-variant.less
259 silly gunzTarPerm modified mode [ 'less/mixins/background-variant.less', 420, 438 ]
260 silly gunzTarPerm extractEntry less/mixins/opacity.less
261 silly gunzTarPerm modified mode [ 'less/mixins/opacity.less', 420, 438 ]
262 silly gunzTarPerm extractEntry less/mixins/pagination.less
263 silly gunzTarPerm modified mode [ 'less/mixins/pagination.less', 420, 438 ]
264 silly gunzTarPerm extractEntry less/mixins/panels.less
265 silly gunzTarPerm modified mode [ 'less/mixins/panels.less', 420, 438 ]
266 silly gunzTarPerm extractEntry less/mixins/progress-bar.less
267 silly gunzTarPerm modified mode [ 'less/mixins/progress-bar.less', 420, 438 ]
268 silly gunzTarPerm extractEntry less/mixins/reset-filter.less
269 silly gunzTarPerm modified mode [ 'less/mixins/reset-filter.less', 420, 438 ]
270 silly gunzTarPerm extractEntry less/mixins/reset-text.less
271 silly gunzTarPerm modified mode [ 'less/mixins/reset-text.less', 420, 438 ]
272 silly gunzTarPerm extractEntry less/mixins/resize.less
273 silly gunzTarPerm modified mode [ 'less/mixins/resize.less', 420, 438 ]
274 silly gunzTarPerm extractEntry less/mixins/responsive-visibility.less
275 silly gunzTarPerm modified mode [ 'less/mixins/responsive-visibility.less', 420, 438 ]
276 silly gunzTarPerm extractEntry less/mixins/size.less
277 silly gunzTarPerm modified mode [ 'less/mixins/size.less', 420, 438 ]
278 silly gunzTarPerm extractEntry less/mixins/tab-focus.less
279 silly gunzTarPerm modified mode [ 'less/mixins/tab-focus.less', 420, 438 ]
280 silly gunzTarPerm extractEntry less/mixins/table-row.less
281 silly gunzTarPerm modified mode [ 'less/mixins/table-row.less', 420, 438 ]
282 silly gunzTarPerm extractEntry less/mixins/text-emphasis.less
283 silly gunzTarPerm modified mode [ 'less/mixins/text-emphasis.less', 420, 438 ]
284 silly gunzTarPerm extractEntry less/mixins/text-overflow.less
285 silly gunzTarPerm modified mode [ 'less/mixins/text-overflow.less', 420, 438 ]
286 silly gunzTarPerm extractEntry less/mixins/vendor-prefixes.less
287 silly gunzTarPerm modified mode [ 'less/mixins/vendor-prefixes.less', 420, 438 ]
288 silly gunzTarPerm extractEntry less/modals.less
289 silly gunzTarPerm modified mode [ 'less/modals.less', 420, 438 ]
290 silly gunzTarPerm extractEntry less/navbar.less
291 silly gunzTarPerm modified mode [ 'less/navbar.less', 420, 438 ]
292 silly gunzTarPerm extractEntry less/navs.less
293 silly gunzTarPerm modified mode [ 'less/navs.less', 420, 438 ]
294 silly gunzTarPerm extractEntry less/normalize.less
295 silly gunzTarPerm modified mode [ 'less/normalize.less', 420, 438 ]
296 silly gunzTarPerm extractEntry less/pager.less
297 silly gunzTarPerm modified mode [ 'less/pager.less', 420, 438 ]
298 silly gunzTarPerm extractEntry less/pagination.less
299 silly gunzTarPerm modified mode [ 'less/pagination.less', 420, 438 ]
300 silly gunzTarPerm extractEntry less/panels.less
301 silly gunzTarPerm modified mode [ 'less/panels.less', 420, 438 ]
302 silly gunzTarPerm extractEntry less/popovers.less
303 silly gunzTarPerm modified mode [ 'less/popovers.less', 420, 438 ]
304 silly gunzTarPerm extractEntry less/print.less
305 silly gunzTarPerm modified mode [ 'less/print.less', 420, 438 ]
306 silly gunzTarPerm extractEntry less/progress-bars.less
307 silly gunzTarPerm modified mode [ 'less/progress-bars.less', 420, 438 ]
308 silly gunzTarPerm extractEntry less/responsive-embed.less
309 silly gunzTarPerm modified mode [ 'less/responsive-embed.less', 420, 438 ]
310 silly gunzTarPerm extractEntry less/responsive-utilities.less
311 silly gunzTarPerm modified mode [ 'less/responsive-utilities.less', 420, 438 ]
312 silly gunzTarPerm extractEntry less/scaffolding.less
313 silly gunzTarPerm modified mode [ 'less/scaffolding.less', 420, 438 ]
314 silly gunzTarPerm extractEntry less/tables.less
315 silly gunzTarPerm modified mode [ 'less/tables.less', 420, 438 ]
316 silly gunzTarPerm extractEntry less/theme.less
317 silly gunzTarPerm modified mode [ 'less/theme.less', 420, 438 ]
318 silly gunzTarPerm extractEntry less/thumbnails.less
319 silly gunzTarPerm modified mode [ 'less/thumbnails.less', 420, 438 ]
320 silly gunzTarPerm extractEntry less/tooltip.less
321 silly gunzTarPerm modified mode [ 'less/tooltip.less', 420, 438 ]
322 silly gunzTarPerm extractEntry less/type.less
323 silly gunzTarPerm modified mode [ 'less/type.less', 420, 438 ]
324 silly gunzTarPerm extractEntry less/utilities.less
325 silly gunzTarPerm modified mode [ 'less/utilities.less', 420, 438 ]
326 silly gunzTarPerm extractEntry less/variables.less
327 silly gunzTarPerm modified mode [ 'less/variables.less', 420, 438 ]
328 silly gunzTarPerm extractEntry less/wells.less
329 silly gunzTarPerm modified mode [ 'less/wells.less', 420, 438 ]
330 silly gentlyRm C:\Users\fred\Dropbox\website info\visualoutdoor.com\assets\node_modules\.staging\bootstrap-e6d04ba2\node_modules is being purged
331 verbose gentlyRm don't care about contents; nuking C:\Users\fred\Dropbox\website info\visualoutdoor.com\assets\node_modules\.staging\bootstrap-e6d04ba2\node_modules
332 silly doParallel preinstall 1
333 silly preinstall bootstrap@3.3.7 C:\Users\fred\Dropbox\website info\visualoutdoor.com\assets\node_modules\.staging\bootstrap-e6d04ba2
334 info lifecycle bootstrap@3.3.7~preinstall: bootstrap@3.3.7
335 silly lifecycle bootstrap@3.3.7~preinstall: no script for preinstall, continuing
336 silly doReverseSerial remove 0
337 silly doSerial move 0
338 silly doSerial finalize 1
339 silly finalize C:\Users\fred\Dropbox\website info\visualoutdoor.com\assets\node_modules\bootstrap
340 verbose unlock done using C:\Users\fred\AppData\Roaming\npm-cache\_locks\staging-dc5b2f458e54ba3b.lock for C:\Users\fred\Dropbox\website info\visualoutdoor.com\assets\node_modules\.staging
341 silly rollbackFailedOptional Starting
342 silly rollbackFailedOptional Finishing
343 silly runTopLevelLifecycles Finishing
344 silly install printInstalled
345 verbose stack Error: EPERM: operation not permitted, rename 'C:\Users\fred\Dropbox\website info\visualoutdoor.com\assets\node_modules\.staging\bootstrap-e6d04ba2' -> 'C:\Users\fred\Dropbox\website info\visualoutdoor.com\assets\node_modules\bootstrap'
345 verbose stack     at destStatted (C:\Users\fred\AppData\Roaming\nvm\v6.9.1\node_modules\npm\lib\install\action\finalize.js:25:7)
345 verbose stack     at FSReqWrap.oncomplete (fs.js:123:15)
345 verbose stack
345 verbose stack Error: EPERM: operation not permitted, rename 'C:\Users\fred\Dropbox\website info\visualoutdoor.com\assets\node_modules\.staging\bootstrap-e6d04ba2' -> 'C:\Users\fred\Dropbox\website info\visualoutdoor.com\assets\node_modules\bootstrap'
345 verbose stack     at Error (native)
346 verbose cwd C:\Users\fred\Dropbox\website info\visualoutdoor.com\assets
347 error Windows_NT 6.1.7601
348 error argv "C:\\Program Files\\nodejs\\node.exe" "C:\\Program Files\\nodejs\\node_modules\\npm\\bin\\npm-cli.js" "install" "bootstrap"
349 error node v6.9.1
350 error npm  v3.10.8
351 error path C:\Users\fred\Dropbox\website info\visualoutdoor.com\assets\node_modules\.staging\bootstrap-e6d04ba2
352 error code EPERM
353 error errno -4048
354 error syscall rename
355 error Error: EPERM: operation not permitted, rename 'C:\Users\fred\Dropbox\website info\visualoutdoor.com\assets\node_modules\.staging\bootstrap-e6d04ba2' -> 'C:\Users\fred\Dropbox\website info\visualoutdoor.com\assets\node_modules\bootstrap'
355 error     at destStatted (C:\Users\fred\AppData\Roaming\nvm\v6.9.1\node_modules\npm\lib\install\action\finalize.js:25:7)
355 error     at FSReqWrap.oncomplete (fs.js:123:15)
355 error
355 error Error: EPERM: operation not permitted, rename 'C:\Users\fred\Dropbox\website info\visualoutdoor.com\assets\node_modules\.staging\bootstrap-e6d04ba2' -> 'C:\Users\fred\Dropbox\website info\visualoutdoor.com\assets\node_modules\bootstrap'
355 error     at Error (native)
355 error  { Error: EPERM: operation not permitted, rename 'C:\Users\fred\Dropbox\website info\visualoutdoor.com\assets\node_modules\.staging\bootstrap-e6d04ba2' -> 'C:\Users\fred\Dropbox\website info\visualoutdoor.com\assets\node_modules\bootstrap'
355 error     at destStatted (C:\Users\fred\AppData\Roaming\nvm\v6.9.1\node_modules\npm\lib\install\action\finalize.js:25:7)
355 error     at FSReqWrap.oncomplete (fs.js:123:15)
355 error
355 error Error: EPERM: operation not permitted, rename 'C:\Users\fred\Dropbox\website info\visualoutdoor.com\assets\node_modules\.staging\bootstrap-e6d04ba2' -> 'C:\Users\fred\Dropbox\website info\visualoutdoor.com\assets\node_modules\bootstrap'
355 error     at Error (native) parent: 'visualoutdoor.com' }
356 error Please try running this command again as root/Administrator.
357 verbose exit [ -4048, true ]
